<?xml version="1.0" encoding="UTF-8"?>
<!-- Generated by org.testng.reporters.JUnitXMLReporter -->
<testsuite hostname="DESKTOP-3ALFBUP" ignored="0" name="Test" tests="2" failures="1" timestamp="2021-12-17T07:39:42 EST" time="15.548" errors="0">
  <testcase name="StartSS" time="8.163" classname="com.Teladoc.TestCases.TC_01_AddValidateUser">
    <failure type="java.lang.AssertionError" message="expected [true] but found [false]">
      <![CDATA[java.lang.AssertionError: expected [true] but found [false]
at com.Teladoc.TestCases.TC_01_AddValidateUser.StartSS(TC_01_AddValidateUser.java:60)
at java.util.ArrayList.forEach(ArrayList.java:1257)
... Removed 31 stack frames]]>
    </failure>
  </testcase> <!-- StartSS -->
  <testcase name="DeleteRecord" time="3.219" classname="com.Teladoc.TestCases.TC_01_AddValidateUser"/>
</testsuite> <!-- Test -->
