<?xml version="1.0" encoding="UTF-8"?>
<testng-results skipped="0" failed="0" ignored="0" total="1" passed="1">
  <reporter-output>
  </reporter-output>
  <suite name="InetBanking" duration-ms="83146" started-at="2021-09-27T15:56:45 EDT" finished-at="2021-09-27T15:58:08 EDT">
    <groups>
    </groups>
    <test name="Test" duration-ms="83146" started-at="2021-09-27T15:56:45 EDT" finished-at="2021-09-27T15:58:08 EDT">
      <class name="com.InetBanking.TestCases.TC_04_ExpediaLinkCount">
        <test-method status="PASS" signature="SetUp(java.lang.String)[pri:0, instance:com.InetBanking.TestCases.TC_04_ExpediaLinkCount@5c5a1b69]" name="SetUp" is-config="true" duration-ms="6952" started-at="2021-09-27T15:56:45 EDT" finished-at="2021-09-27T15:56:52 EDT">
          <params>
            <param index="0">
              <value>
                <![CDATA[chrome]]>
              </value>
            </param>
          </params>
          <reporter-output>
          </reporter-output>
        </test-method> <!-- SetUp -->
        <test-method status="PASS" signature="LinkCountManually()[pri:0, instance:com.InetBanking.TestCases.TC_04_ExpediaLinkCount@5c5a1b69]" name="LinkCountManually" duration-ms="76026" started-at="2021-09-27T15:56:52 EDT" finished-at="2021-09-27T15:58:08 EDT">
          <reporter-output>
          </reporter-output>
        </test-method> <!-- LinkCountManually -->
      </class> <!-- com.InetBanking.TestCases.TC_04_ExpediaLinkCount -->
    </test> <!-- Test -->
  </suite> <!-- InetBanking -->
</testng-results>
