<?xml version="1.0" encoding="UTF-8"?>
<testng-results skipped="0" failed="0" ignored="0" total="2" passed="2">
  <reporter-output>
  </reporter-output>
  <suite name="InetBanking" duration-ms="18341" started-at="2022-01-04T14:58:51 EST" finished-at="2022-01-04T14:59:10 EST">
    <groups>
    </groups>
    <test name="Test" duration-ms="18341" started-at="2022-01-04T14:58:51 EST" finished-at="2022-01-04T14:59:10 EST">
      <class name="com.Teladoc.TestCases.TC_01_AddValidateUser">
        <test-method status="PASS" signature="SetUp(java.lang.String)[pri:0, instance:com.Teladoc.TestCases.TC_01_AddValidateUser@1d8d30f7]" name="SetUp" is-config="true" duration-ms="6486" started-at="2022-01-04T14:58:51 EST" finished-at="2022-01-04T14:58:58 EST">
          <params>
            <param index="0">
              <value>
                <![CDATA[chrome]]>
              </value>
            </param>
          </params>
          <reporter-output>
          </reporter-output>
        </test-method> <!-- SetUp -->
        <test-method status="PASS" signature="StartSS()[pri:1, instance:com.Teladoc.TestCases.TC_01_AddValidateUser@1d8d30f7]" name="StartSS" duration-ms="8244" started-at="2022-01-04T14:58:58 EST" finished-at="2022-01-04T14:59:06 EST">
          <reporter-output>
          </reporter-output>
        </test-method> <!-- StartSS -->
        <test-method status="PASS" signature="DeleteRecord()[pri:2, instance:com.Teladoc.TestCases.TC_01_AddValidateUser@1d8d30f7]" name="DeleteRecord" duration-ms="3283" started-at="2022-01-04T14:59:06 EST" finished-at="2022-01-04T14:59:10 EST">
          <reporter-output>
          </reporter-output>
        </test-method> <!-- DeleteRecord -->
      </class> <!-- com.Teladoc.TestCases.TC_01_AddValidateUser -->
    </test> <!-- Test -->
  </suite> <!-- InetBanking -->
</testng-results>
